
                              Speed limit (20km/h)       0.85      0.97      0.91        60
                              Speed limit (30km/h)       0.96      1.00      0.98       720
                              Speed limit (50km/h)       0.97      0.98      0.97       750
                              Speed limit (60km/h)       0.99      0.94      0.97       450
                              Speed limit (70km/h)       1.00      0.96      0.98       660
                              Speed limit (80km/h)       0.94      0.97      0.95       630
                       End of speed limit (80km/h)       0.93      0.89      0.91       150
                             Speed limit (100km/h)       0.97      0.99      0.98       450
                             Speed limit (120km/h)       0.98      0.96      0.97       450
                                        No passing       1.00      0.96      0.98       480
      No passing for vehicles over 3.5 metric tons       0.99      0.99      0.99       660
             Right-of-way at the next intersection       0.90      0.97      0.93       420
                                     Priority road       0.99      0.97      0.98       690
                                             Yield       0.99      1.00      0.99       720
                                              Stop       1.00      1.00      1.00       270
                                       No vehicles       0.99      0.99      0.99       210
          Vehicles over 3.5 metric tons prohibited       1.00      0.99      1.00       150
                                          No entry       1.00      0.96      0.98       360
                                   General caution       1.00      0.83      0.91       390
                       Dangerous curve to the left       0.98      0.75      0.85        60
                      Dangerous curve to the right       0.97      0.96      0.96        90
                                      Double curve       0.83      0.98      0.90        90
                                        Bumpy road       1.00      0.79      0.88       120
                                     Slippery road       0.80      0.99      0.88       150
                         Road narrows on the right       0.92      0.97      0.94        90
                                        Keep right       0.99      0.99      0.99       690
                                         Keep left       1.00      0.96      0.98        90
                              Roundabout mandatory       0.83      0.96      0.89        90
                                 End of no passing       0.91      0.97      0.94        60
End of no passing by vehicles over 3.5 metric tons       0.89      0.83      0.86        90

                                          accuracy                           0.97     12630
                                         macro avg       0.94      0.95      0.94     12630
                                      weighted avg       0.97      0.97      0.96     12630